audit_time: 2026-02-09T13:11:25.012Z
scanned_cylinders: 100
scanned_customers: 278
scanned_transactions: 46 (Latest 1000)
invalid_cylinder_locations: 25
invalid_tx_cylinder_refs: 0
invalid_tx_customer_refs: 0
--- Details ---
[ORPHAN CYLINDER] ID: TEST-2026-1071 (TEST-2026-1071) has invalid location: CUS-TEST-001
[ORPHAN CYLINDER] ID: TEST-2026-1072 (TEST-2026-1072) has invalid location: CUS-TEST-001
[ORPHAN CYLINDER] ID: TEST-2026-1073 (TEST-2026-1073) has invalid location: CUS-TEST-001
[ORPHAN CYLINDER] ID: TEST-2026-1074 (TEST-2026-1074) has invalid location: CUS-TEST-001
[ORPHAN CYLINDER] ID: TEST-2026-1075 (TEST-2026-1075) has invalid location: CUS-TEST-001
[ORPHAN CYLINDER] ID: TEST-2026-1076 (TEST-2026-1076) has invalid location: CUS-TEST-001
[ORPHAN CYLINDER] ID: TEST-2026-1077 (TEST-2026-1077) has invalid location: CUS-TEST-001
[ORPHAN CYLINDER] ID: TEST-2026-1078 (TEST-2026-1078) has invalid location: CUS-TEST-001
[ORPHAN CYLINDER] ID: TEST-2026-1079 (TEST-2026-1079) has invalid location: CUS-TEST-001
[ORPHAN CYLINDER] ID: TEST-2026-1080 (TEST-2026-1080) has invalid location: CUS-TEST-001
[ORPHAN CYLINDER] ID: TEST-2026-1081 (TEST-2026-1081) has invalid location: CUS-TEST-001
[ORPHAN CYLINDER] ID: TEST-2026-1082 (TEST-2026-1082) has invalid location: CUS-TEST-001
[ORPHAN CYLINDER] ID: TEST-2026-1083 (TEST-2026-1083) has invalid location: CUS-TEST-001
[ORPHAN CYLINDER] ID: TEST-2026-1084 (TEST-2026-1084) has invalid location: CUS-TEST-001
[ORPHAN CYLINDER] ID: TEST-2026-1085 (TEST-2026-1085) has invalid location: CUS-TEST-001
[ORPHAN CYLINDER] ID: TEST-2026-1086 (TEST-2026-1086) has invalid location: CUS-TEST-001
[ORPHAN CYLINDER] ID: TEST-2026-1087 (TEST-2026-1087) has invalid location: CUS-TEST-001
[ORPHAN CYLINDER] ID: TEST-2026-1088 (TEST-2026-1088) has invalid location: CUS-TEST-001
[ORPHAN CYLINDER] ID: TEST-2026-1089 (TEST-2026-1089) has invalid location: CUS-TEST-001
[ORPHAN CYLINDER] ID: TEST-2026-1090 (TEST-2026-1090) has invalid location: CUS-TEST-001
[ORPHAN CYLINDER] ID: TEST-2026-1091 (TEST-2026-1091) has invalid location: 폐기
[ORPHAN CYLINDER] ID: TEST-2026-1092 (TEST-2026-1092) has invalid location: 폐기
[ORPHAN CYLINDER] ID: TEST-2026-1093 (TEST-2026-1093) has invalid location: 폐기
[ORPHAN CYLINDER] ID: TEST-2026-1094 (TEST-2026-1094) has invalid location: 폐기
[ORPHAN CYLINDER] ID: TEST-2026-1095 (TEST-2026-1095) has invalid location: 폐기